{
  "C:\\programming\\project\\narr-material-ui\\packages\\narr-material-ui-core\\src\\TestComp\\index.tsx": {
    "path": "C:\\programming\\project\\narr-material-ui\\packages\\narr-material-ui-core\\src\\TestComp\\index.tsx",
    "statementMap": {
      "0": {
        "start": { "line": 1, "column": 0 },
        "end": { "line": 1, "column": 62 }
      },
      "1": {
        "start": { "line": 2, "column": 0 },
        "end": { "line": 2, "column": 53 }
      },
      "2": {
        "start": { "line": 3, "column": 0 },
        "end": { "line": 3, "column": 30 }
      },
      "3": {
        "start": { "line": 5, "column": 0 },
        "end": { "line": 5, "column": 33 }
      },
      "4": {
        "start": { "line": 7, "column": 41 },
        "end": { "line": 9, "column": 1 }
      },
      "5": {
        "start": { "line": 8, "column": 2 },
        "end": { "line": 8, "column": 52 }
      },
      "6": {
        "start": { "line": 10, "column": 19 },
        "end": { "line": 10, "column": 47 }
      },
      "7": {
        "start": { "line": 12, "column": 23 },
        "end": { "line": 12, "column": 31 }
      }
    },
    "fnMap": {
      "0": {
        "name": "(anonymous_2)",
        "decl": {
          "start": { "line": 7, "column": 41 },
          "end": { "line": 7, "column": 40 }
        },
        "loc": {
          "start": { "line": 7, "column": 46 },
          "end": { "line": 9, "column": 1 }
        }
      }
    },
    "branchMap": {},
    "s": { "0": 1, "1": 1, "2": 1, "3": 1, "4": 1, "5": 2, "6": 1, "7": 1 },
    "f": { "0": 2 },
    "b": {}
  },
  "C:\\programming\\project\\narr-material-ui\\packages\\narr-material-ui-core\\src\\TestComp\\styles.ts": {
    "path": "C:\\programming\\project\\narr-material-ui\\packages\\narr-material-ui-core\\src\\TestComp\\styles.ts",
    "statementMap": {
      "0": {
        "start": { "line": 3, "column": 15 },
        "end": { "line": 13, "column": 1 }
      },
      "1": {
        "start": { "line": 4, "column": 14 },
        "end": { "line": 4, "column": 21 }
      },
      "2": {
        "start": { "line": 5, "column": 2 },
        "end": { "line": 7, "column": 3 }
      },
      "3": {
        "start": { "line": 6, "column": 4 },
        "end": { "line": 6, "column": 39 }
      },
      "4": {
        "start": { "line": 8, "column": 2 },
        "end": { "line": 12, "column": 4 }
      },
      "5": {
        "start": { "line": 15, "column": 9 },
        "end": { "line": 15, "column": 15 }
      }
    },
    "fnMap": {
      "0": {
        "name": "(anonymous_0)",
        "decl": {
          "start": { "line": 3, "column": 15 },
          "end": { "line": 3, "column": 15 }
        },
        "loc": {
          "start": { "line": 3, "column": 35 },
          "end": { "line": 13, "column": 1 }
        }
      }
    },
    "branchMap": {
      "0": {
        "loc": {
          "start": { "line": 5, "column": 2 },
          "end": { "line": 7, "column": 3 }
        },
        "type": "if",
        "locations": [
          {
            "start": { "line": 5, "column": 2 },
            "end": { "line": 7, "column": 3 }
          },
          {
            "start": { "line": 5, "column": 2 },
            "end": { "line": 7, "column": 3 }
          }
        ]
      },
      "1": {
        "loc": {
          "start": { "line": 5, "column": 6 },
          "end": { "line": 5, "column": 21 }
        },
        "type": "binary-expr",
        "locations": [
          {
            "start": { "line": 5, "column": 6 },
            "end": { "line": 5, "column": 21 }
          },
          {
            "start": { "line": 5, "column": 25 },
            "end": { "line": 5, "column": 46 }
          }
        ]
      }
    },
    "s": { "0": 1, "1": 2, "2": 2, "3": 1, "4": 2, "5": 1 },
    "f": { "0": 2 },
    "b": { "0": [1, 1], "1": [2, 1] }
  },
  "C:\\programming\\project\\narr-material-ui\\packages\\narr-material-ui-core\\src\\Theme\\dark.ts": {
    "path": "C:\\programming\\project\\narr-material-ui\\packages\\narr-material-ui-core\\src\\Theme\\dark.ts",
    "statementMap": {
      "0": {
        "start": { "line": 1, "column": 0 },
        "end": { "line": 1, "column": 52 }
      },
      "1": {
        "start": { "line": 2, "column": 0 },
        "end": { "line": 2, "column": 68 }
      },
      "2": {
        "start": { "line": 4, "column": 18 },
        "end": { "line": 14, "column": 2 }
      },
      "3": {
        "start": { "line": 16, "column": 9 },
        "end": { "line": 16, "column": 18 }
      }
    },
    "fnMap": {},
    "branchMap": {},
    "s": { "0": 0, "1": 0, "2": 0, "3": 0 },
    "f": {},
    "b": {}
  },
  "C:\\programming\\project\\narr-material-ui\\packages\\narr-material-ui-core\\src\\Theme\\light.ts": {
    "path": "C:\\programming\\project\\narr-material-ui\\packages\\narr-material-ui-core\\src\\Theme\\light.ts",
    "statementMap": {
      "0": {
        "start": { "line": 1, "column": 0 },
        "end": { "line": 1, "column": 48 }
      },
      "1": {
        "start": { "line": 2, "column": 0 },
        "end": { "line": 2, "column": 68 }
      },
      "2": {
        "start": { "line": 4, "column": 19 },
        "end": { "line": 14, "column": 2 }
      },
      "3": {
        "start": { "line": 16, "column": 9 },
        "end": { "line": 16, "column": 19 }
      }
    },
    "fnMap": {},
    "branchMap": {},
    "s": { "0": 1, "1": 1, "2": 1, "3": 1 },
    "f": {},
    "b": {}
  }
}
