TN:
SF:C:\programming\project\narr-material-ui\packages\narr-material-ui-core\src\TestComp\index.tsx
FN:7,(anonymous_2)
FNF:1
FNH:1
FNDA:2,(anonymous_2)
DA:1,1
DA:2,1
DA:3,1
DA:5,1
DA:7,1
DA:8,2
DA:10,1
DA:12,1
LF:8
LH:8
BRF:0
BRH:0
end_of_record
TN:
SF:C:\programming\project\narr-material-ui\packages\narr-material-ui-core\src\TestComp\styles.ts
FN:3,(anonymous_0)
FNF:1
FNH:1
FNDA:2,(anonymous_0)
DA:3,1
DA:4,2
DA:5,2
DA:6,1
DA:8,2
DA:15,1
LF:6
LH:6
BRDA:5,0,0,1
BRDA:5,0,1,1
BRDA:5,1,0,2
BRDA:5,1,1,1
BRF:4
BRH:4
end_of_record
TN:
SF:C:\programming\project\narr-material-ui\packages\narr-material-ui-core\src\Theme\dark.ts
FNF:0
FNH:0
DA:1,0
DA:2,0
DA:4,0
DA:16,0
LF:4
LH:0
BRF:0
BRH:0
end_of_record
TN:
SF:C:\programming\project\narr-material-ui\packages\narr-material-ui-core\src\Theme\light.ts
FNF:0
FNH:0
DA:1,1
DA:2,1
DA:4,1
DA:16,1
LF:4
LH:4
BRF:0
BRH:0
end_of_record
