<?xml version="1.0" encoding="UTF-8"?>
<coverage generated="1531775950510" clover="3.2.0">
  <project timestamp="1531775950510" name="All files">
    <metrics statements="27" coveredstatements="27" conditionals="6" coveredconditionals="6" methods="6" coveredmethods="6" elements="39" coveredelements="39" complexity="0" loc="27" ncloc="27" packages="3" files="4" classes="4">
      <package name="Button">
        <metrics statements="14" coveredstatements="14" conditionals="2" coveredconditionals="2" methods="4" coveredmethods="4"/>
        <file name="Button.tsx" path="C:\narr\programming\project\narr-material-ui\packages\narr-material-ui-core\src\Button\Button.tsx">
          <metrics statements="14" coveredstatements="14" conditionals="2" coveredconditionals="2" methods="4" coveredmethods="4"/>
          <line num="20" count="2" type="stmt"/>
          <line num="21" count="1" type="stmt"/>
          <line num="31" count="2" type="stmt"/>
          <line num="32" count="1" type="stmt"/>
          <line num="33" count="1" type="stmt"/>
          <line num="34" count="1" type="stmt"/>
          <line num="36" count="2" type="stmt"/>
          <line num="37" count="1" type="stmt"/>
          <line num="49" count="2" type="stmt"/>
          <line num="51" count="2" type="cond" truecount="2" falsecount="0"/>
          <line num="53" count="1" type="stmt"/>
          <line num="57" count="2" type="stmt"/>
          <line num="64" count="2" type="stmt"/>
          <line num="68" count="2" type="stmt"/>
        </file>
      </package>
      <package name="ButtonBase">
        <metrics statements="11" coveredstatements="11" conditionals="4" coveredconditionals="4" methods="2" coveredmethods="2"/>
        <file name="ButtonBase.tsx" path="C:\narr\programming\project\narr-material-ui\packages\narr-material-ui-core\src\ButtonBase\ButtonBase.tsx">
          <metrics statements="11" coveredstatements="11" conditionals="4" coveredconditionals="4" methods="2" coveredmethods="2"/>
          <line num="22" count="2" type="stmt"/>
          <line num="23" count="2" type="stmt"/>
          <line num="24" count="2" type="cond" truecount="4" falsecount="0"/>
          <line num="25" count="1" type="stmt"/>
          <line num="27" count="2" type="stmt"/>
          <line num="51" count="2" type="stmt"/>
          <line num="52" count="2" type="stmt"/>
          <line num="57" count="2" type="stmt"/>
          <line num="60" count="2" type="stmt"/>
          <line num="66" count="2" type="stmt"/>
          <line num="70" count="2" type="stmt"/>
        </file>
      </package>
      <package name="Theme">
        <metrics statements="2" coveredstatements="2" conditionals="0" coveredconditionals="0" methods="0" coveredmethods="0"/>
        <file name="dark.tsx" path="C:\narr\programming\project\narr-material-ui\packages\narr-material-ui-core\src\Theme\dark.tsx">
          <metrics statements="1" coveredstatements="1" conditionals="0" coveredconditionals="0" methods="0" coveredmethods="0"/>
          <line num="4" count="2" type="stmt"/>
        </file>
        <file name="light.tsx" path="C:\narr\programming\project\narr-material-ui\packages\narr-material-ui-core\src\Theme\light.tsx">
          <metrics statements="1" coveredstatements="1" conditionals="0" coveredconditionals="0" methods="0" coveredmethods="0"/>
          <line num="4" count="2" type="stmt"/>
        </file>
      </package>
    </metrics>
  </project>
</coverage>
