<?xml version="1.0" encoding="UTF-8"?>
<coverage generated="1530884966919" clover="3.2.0">
  <project timestamp="1530884966921" name="All files">
    <metrics statements="5" coveredstatements="5" conditionals="2" coveredconditionals="2" methods="2" coveredmethods="2" elements="9" coveredelements="9" complexity="0" loc="5" ncloc="5" packages="1" files="1" classes="1">
      <file name="Button.tsx" path="C:\narr\programming\project\narr-material-ui\packages\narr-material-ui-core\src\Button\Button.tsx">
        <metrics statements="5" coveredstatements="5" conditionals="2" coveredconditionals="2" methods="2" coveredmethods="2"/>
        <line num="11" count="1" type="cond" truecount="2" falsecount="0"/>
        <line num="13" count="1" type="stmt"/>
        <line num="18" count="1" type="stmt"/>
        <line num="19" count="1" type="stmt"/>
        <line num="26" count="1" type="stmt"/>
      </file>
    </metrics>
  </project>
</coverage>
