{
  "C:\\narr\\programming\\project\\narr-material-ui\\packages\\narr-material-ui-core\\src\\Button\\Button.tsx": {
    "path":
      "C:\\narr\\programming\\project\\narr-material-ui\\packages\\narr-material-ui-core\\src\\Button\\Button.tsx",
    "statementMap": {
      "0": {
        "start": { "line": 12, "column": 24 },
        "end": { "line": 16, "column": 1 }
      },
      "1": {
        "start": { "line": 14, "column": 27 },
        "end": { "line": 14, "column": 35 }
      },
      "2": {
        "start": { "line": 19, "column": 34 },
        "end": { "line": 25, "column": 1 }
      },
      "3": {
        "start": { "line": 19, "column": 37 },
        "end": { "line": 19, "column": 45 }
      },
      "4": {
        "start": { "line": 19, "column": 47 },
        "end": { "line": 19, "column": 54 }
      },
      "5": {
        "start": { "line": 19, "column": 56 },
        "end": { "line": 19, "column": 58 }
      },
      "6": {
        "start": { "line": 20, "column": 2 },
        "end": { "line": 24, "column": 4 }
      },
      "7": {
        "start": { "line": 27, "column": 0 },
        "end": { "line": 29, "column": 2 }
      },
      "8": {
        "start": { "line": 32, "column": 0 },
        "end": { "line": 35, "column": 2 }
      }
    },
    "fnMap": {
      "0": {
        "name": "(anonymous_1)",
        "decl": {
          "start": { "line": 14, "column": 18 },
          "end": { "line": 14, "column": 17 }
        },
        "loc": {
          "start": { "line": 14, "column": 23 },
          "end": { "line": 14, "column": 35 }
        }
      },
      "1": {
        "name": "(anonymous_2)",
        "decl": {
          "start": { "line": 19, "column": 34 },
          "end": { "line": 19, "column": 34 }
        },
        "loc": {
          "start": { "line": 19, "column": 60 },
          "end": { "line": 25, "column": 1 }
        }
      }
    },
    "branchMap": {
      "0": {
        "loc": {
          "start": { "line": 12, "column": 41 },
          "end": { "line": 12, "column": 48 }
        },
        "type": "binary-expr",
        "locations": [
          {
            "start": { "line": 12, "column": 41 },
            "end": { "line": 12, "column": 48 }
          },
          {
            "start": { "line": 12, "column": 41 },
            "end": { "line": 16, "column": 1 }
          }
        ]
      }
    },
    "s": {
      "0": 1,
      "1": 1,
      "2": 1,
      "3": 1,
      "4": 1,
      "5": 1,
      "6": 1,
      "7": 1,
      "8": 1
    },
    "f": { "0": 1, "1": 1 },
    "b": { "0": [1, 1] }
  }
}
