TN:
SF:C:\narr\programming\project\narr-material-ui\packages\narr-material-ui-core\src\Button\Button.tsx
FN:20,(anonymous_3)
FN:31,(anonymous_4)
FN:36,(anonymous_5)
FN:53,(anonymous_6)
FNF:4
FNH:4
FNDA:1,(anonymous_3)
FNDA:1,(anonymous_4)
FNDA:2,(anonymous_5)
FNDA:1,(anonymous_6)
DA:20,2
DA:21,1
DA:31,2
DA:32,1
DA:33,1
DA:34,1
DA:36,2
DA:37,1
DA:49,2
DA:51,2
DA:53,1
DA:57,2
DA:64,2
DA:68,2
LF:14
LH:14
BRDA:51,0,0,2
BRDA:51,0,1,2
BRF:2
BRH:2
end_of_record
TN:
SF:C:\narr\programming\project\narr-material-ui\packages\narr-material-ui-core\src\ButtonBase\ButtonBase.tsx
FN:22,(anonymous_2)
FN:51,(anonymous_3)
FNF:2
FNH:2
FNDA:2,(anonymous_2)
FNDA:2,(anonymous_3)
DA:22,2
DA:23,2
DA:24,2
DA:25,1
DA:27,2
DA:51,2
DA:52,2
DA:57,2
DA:60,2
DA:66,2
DA:70,2
LF:11
LH:11
BRDA:24,0,0,1
BRDA:24,0,1,1
BRDA:24,1,0,2
BRDA:24,1,1,1
BRF:4
BRH:4
end_of_record
TN:
SF:C:\narr\programming\project\narr-material-ui\packages\narr-material-ui-core\src\Theme\dark.tsx
FNF:0
FNH:0
DA:4,2
LF:1
LH:1
BRF:0
BRH:0
end_of_record
TN:
SF:C:\narr\programming\project\narr-material-ui\packages\narr-material-ui-core\src\Theme\light.tsx
FNF:0
FNH:0
DA:4,2
LF:1
LH:1
BRF:0
BRH:0
end_of_record
